<?xml version="1.0" encoding="UTF-8"?>
<!-- Generated by org.testng.reporters.JUnitReportReporter -->
<testsuite hostname="DESKTOP-VQ8QIM3" failures="0" tests="1" name="projekat.tests.NewTest" time="15.575" errors="1" timestamp="2020-03-31T20:38:27 CEST" skipped="0">
  <testcase classname="projekat.tests.NewTest" name="f" time="15.575">
    <error message="session not created
from chrome not reachable
  (Session info: chrome=80.0.3987.149)
Build info: version: &#039;3.141.59&#039;, revision: &#039;e82be7d358&#039;, time: &#039;2018-11-14T08:25:48&#039;
System info: host: &#039;DESKTOP-VQ8QIM3&#039;, ip: &#039;192.168.0.17&#039;, os.name: &#039;Windows 10&#039;, os.arch: &#039;amd64&#039;, os.version: &#039;10.0&#039;, java.version: &#039;13.0.2&#039;
Driver info: driver.version: ChromeDriver
remote stacktrace: Backtrace:
	Ordinal0 [0x010D0C83+1707139]
	Ordinal0 [0x010368F1+1075441]
	Ordinal0 [0x00FADE72+515698]
	Ordinal0 [0x00FA7CA8+490664]
	Ordinal0 [0x00FA839B+492443]
	Ordinal0 [0x00FA92F5+496373]
	Ordinal0 [0x00FA4F05+478981]
	Ordinal0 [0x00FAECA0+519328]
	Ordinal0 [0x00F5CA67+182887]
	Ordinal0 [0x00F5BDDD+179677]
	Ordinal0 [0x00F59D4B+171339]
	Ordinal0 [0x00F41D4A+73034]
	Ordinal0 [0x00F42DC0+77248]
	Ordinal0 [0x00F42D59+77145]
	Ordinal0 [0x0104BB67+1162087]
	GetHandleVerifier [0x0116A966+508998]
	GetHandleVerifier [0x0116A6A4+508292]
	GetHandleVerifier [0x0117F7B7+594583]
	GetHandleVerifier [0x0116B1D6+511158]
	Ordinal0 [0x0104402C+1130540]
	Ordinal0 [0x0104D4CB+1168587]
	Ordinal0 [0x0104D633+1168947]
	Ordinal0 [0x01065B35+1268533]
	BaseThreadInitThunk [0x76B86359+25]
	RtlGetAppContainerNamedObjectPath [0x77737B74+228]
	RtlGetAppContainerNamedObjectPath [0x77737B44+180]
" type="org.openqa.selenium.SessionNotCreatedException">
      <![CDATA[org.openqa.selenium.SessionNotCreatedException: session not created
from chrome not reachable
  (Session info: chrome=80.0.3987.149)
Build info: version: '3.141.59', revision: 'e82be7d358', time: '2018-11-14T08:25:48'
System info: host: 'DESKTOP-VQ8QIM3', ip: '192.168.0.17', os.name: 'Windows 10', os.arch: 'amd64', os.version: '10.0', java.version: '13.0.2'
Driver info: driver.version: ChromeDriver
remote stacktrace: Backtrace:
Ordinal0 [0x010D0C83+1707139]
Ordinal0 [0x010368F1+1075441]
Ordinal0 [0x00FADE72+515698]
Ordinal0 [0x00FA7CA8+490664]
Ordinal0 [0x00FA839B+492443]
Ordinal0 [0x00FA92F5+496373]
Ordinal0 [0x00FA4F05+478981]
Ordinal0 [0x00FAECA0+519328]
Ordinal0 [0x00F5CA67+182887]
Ordinal0 [0x00F5BDDD+179677]
Ordinal0 [0x00F59D4B+171339]
Ordinal0 [0x00F41D4A+73034]
Ordinal0 [0x00F42DC0+77248]
Ordinal0 [0x00F42D59+77145]
Ordinal0 [0x0104BB67+1162087]
GetHandleVerifier [0x0116A966+508998]
GetHandleVerifier [0x0116A6A4+508292]
GetHandleVerifier [0x0117F7B7+594583]
GetHandleVerifier [0x0116B1D6+511158]
Ordinal0 [0x0104402C+1130540]
Ordinal0 [0x0104D4CB+1168587]
Ordinal0 [0x0104D633+1168947]
Ordinal0 [0x01065B35+1268533]
BaseThreadInitThunk [0x76B86359+25]
RtlGetAppContainerNamedObjectPath [0x77737B74+228]
RtlGetAppContainerNamedObjectPath [0x77737B44+180]

at java.base/jdk.internal.reflect.NativeConstructorAccessorImpl.newInstance0(Native Method)
at java.base/jdk.internal.reflect.NativeConstructorAccessorImpl.newInstance(NativeConstructorAccessorImpl.java:62)
at java.base/jdk.internal.reflect.DelegatingConstructorAccessorImpl.newInstance(DelegatingConstructorAccessorImpl.java:45)
at java.base/java.lang.reflect.Constructor.newInstanceWithCaller(Constructor.java:500)
at java.base/java.lang.reflect.Constructor.newInstance(Constructor.java:481)
at org.openqa.selenium.remote.W3CHandshakeResponse.lambda$errorHandler$0(W3CHandshakeResponse.java:62)
at org.openqa.selenium.remote.HandshakeResponse.lambda$getResponseFunction$0(HandshakeResponse.java:30)
at org.openqa.selenium.remote.ProtocolHandshake.lambda$createSession$0(ProtocolHandshake.java:126)
at java.base/java.util.stream.ReferencePipeline$3$1.accept(ReferencePipeline.java:195)
at java.base/java.util.Spliterators$ArraySpliterator.tryAdvance(Spliterators.java:958)
at java.base/java.util.stream.ReferencePipeline.forEachWithCancel(ReferencePipeline.java:127)
at java.base/java.util.stream.AbstractPipeline.copyIntoWithCancel(AbstractPipeline.java:502)
at java.base/java.util.stream.AbstractPipeline.copyInto(AbstractPipeline.java:488)
at java.base/java.util.stream.AbstractPipeline.wrapAndCopyInto(AbstractPipeline.java:474)
at java.base/java.util.stream.FindOps$FindOp.evaluateSequential(FindOps.java:150)
at java.base/java.util.stream.AbstractPipeline.evaluate(AbstractPipeline.java:234)
at java.base/java.util.stream.ReferencePipeline.findFirst(ReferencePipeline.java:543)
at org.openqa.selenium.remote.ProtocolHandshake.createSession(ProtocolHandshake.java:128)
at org.openqa.selenium.remote.ProtocolHandshake.createSession(ProtocolHandshake.java:74)
at org.openqa.selenium.remote.HttpCommandExecutor.execute(HttpCommandExecutor.java:136)
at org.openqa.selenium.remote.service.DriverCommandExecutor.execute(DriverCommandExecutor.java:83)
at org.openqa.selenium.remote.RemoteWebDriver.execute(RemoteWebDriver.java:552)
at org.openqa.selenium.remote.RemoteWebDriver.startSession(RemoteWebDriver.java:213)
at org.openqa.selenium.remote.RemoteWebDriver.<init>(RemoteWebDriver.java:131)
at org.openqa.selenium.chrome.ChromeDriver.<init>(ChromeDriver.java:181)
at org.openqa.selenium.chrome.ChromeDriver.<init>(ChromeDriver.java:168)
at org.openqa.selenium.chrome.ChromeDriver.<init>(ChromeDriver.java:123)
at projekat.tests.NewTest.f(NewTest.java:11)
at java.base/jdk.internal.reflect.NativeMethodAccessorImpl.invoke0(Native Method)
at java.base/jdk.internal.reflect.NativeMethodAccessorImpl.invoke(NativeMethodAccessorImpl.java:62)
at java.base/jdk.internal.reflect.DelegatingMethodAccessorImpl.invoke(DelegatingMethodAccessorImpl.java:43)
at java.base/java.lang.reflect.Method.invoke(Method.java:567)
at org.testng.internal.MethodInvocationHelper.invokeMethod(MethodInvocationHelper.java:135)
at org.testng.internal.TestInvoker.invokeMethod(TestInvoker.java:598)
at org.testng.internal.TestInvoker.invokeTestMethod(TestInvoker.java:174)
at org.testng.internal.MethodRunner.runInSequence(MethodRunner.java:46)
at org.testng.internal.TestInvoker$MethodInvocationAgent.invoke(TestInvoker.java:821)
at org.testng.internal.TestInvoker.invokeTestMethods(TestInvoker.java:147)
at org.testng.internal.TestMethodWorker.invokeTestMethods(TestMethodWorker.java:146)
at org.testng.internal.TestMethodWorker.run(TestMethodWorker.java:128)
at java.base/java.util.ArrayList.forEach(ArrayList.java:1507)
at org.testng.TestRunner.privateRun(TestRunner.java:767)
at org.testng.TestRunner.run(TestRunner.java:588)
at org.testng.SuiteRunner.runTest(SuiteRunner.java:384)
at org.testng.SuiteRunner.runSequentially(SuiteRunner.java:378)
at org.testng.SuiteRunner.privateRun(SuiteRunner.java:337)
at org.testng.SuiteRunner.run(SuiteRunner.java:286)
at org.testng.SuiteRunnerWorker.runSuite(SuiteRunnerWorker.java:53)
at org.testng.SuiteRunnerWorker.run(SuiteRunnerWorker.java:96)
at org.testng.TestNG.runSuitesSequentially(TestNG.java:1214)
at org.testng.TestNG.runSuitesLocally(TestNG.java:1136)
at org.testng.TestNG.runSuites(TestNG.java:1066)
at org.testng.TestNG.run(TestNG.java:1034)
at org.testng.remote.AbstractRemoteTestNG.run(AbstractRemoteTestNG.java:115)
at org.testng.remote.RemoteTestNG.initAndRun(RemoteTestNG.java:251)
at org.testng.remote.RemoteTestNG.main(RemoteTestNG.java:77)
]]>
    </error>
  </testcase> <!-- f -->
  <system-out/>
</testsuite> <!-- projekat.tests.NewTest -->
